[checkbep20.com/index.html]
[backblue.gif]
[fade.gif]
[index.html]
[cdn.replit.com/agent/bootstrap-agent-dark-theme.min.css]
[cdnjs.cloudflare.com/ajax/libs/font-awesome/6.0.0/css/all.min.css]
[checkbep20.com/static/css/custom.css]
[cdn.jsdelivr.net/npm/web3@1.5.2/dist/web3.min.js]
[checkbep20.com/about.html]
[checkbep20.com/how-it-works.html]
[checkbep20.com/security-guide.html]
[checkbep20.com/check-transaction.html]
[checkbep20.com/admin/login.html]
[checkbep20.com/cdn-cgi/scripts/5c5dd728/cloudflare-static/email-decode.min.js]
[cdn.jsdelivr.net/npm/bootstrap@5.2.3/dist/js/bootstrap.bundle.min.js]
[checkbep20.com/index.html]
[cdn.replit.com/agent/bootstrap-agent-dark-theme.min.css]
[cdnjs.cloudflare.com/ajax/libs/font-awesome/6.0.0/css/all.min.css]
[checkbep20.com/static/css/custom.css]
[checkbep20.com/about.html]
[checkbep20.com/how-it-works.html]
[checkbep20.com/security-guide.html]
[checkbep20.com/check-transaction.html]
[checkbep20.com/admin/login.html]
[checkbep20.com/cdn-cgi/l/email-protection.html]
[checkbep20.com/static/js/main.js]
